<?xml version="1.0" encoding="UTF-8"?>
<!-- Generated by org.testng.reporters.JUnitReportReporter -->
<testsuite hostname="hakantektas-MacBook-Pro.local" failures="0" tests="1" name="commencisTestProject.AppTest" time="0.004" errors="0" timestamp="2022-12-05T15:21:07 TRT" skipped="0">
  <testcase classname="commencisTestProject.AppTest" name="shouldAnswerWithTrue" time="0.004"/>
  <system-out/>
</testsuite> <!-- commencisTestProject.AppTest -->
